<?xml version="1.0" encoding="utf-8"?><testsuites name="pytest tests"><testsuite name="pytest" errors="0" failures="1" skipped="0" tests="23" time="6.256" timestamp="2026-05-17T08:47:07.869984+00:00" hostname="agent-env-9ca53552-e063-4881-b102-04d1bf85e6eb"><testcase classname="backend.tests.test_aetherxos.TestAuth" name="test_login_success_sets_cookie" time="0.531" /><testcase classname="backend.tests.test_aetherxos.TestAuth" name="test_me_with_bearer" time="0.464" /><testcase classname="backend.tests.test_aetherxos.TestAuth" name="test_me_without_token_401" time="0.099" /><testcase classname="backend.tests.test_aetherxos.TestAuth" name="test_me_with_cookie" time="0.376" /><testcase classname="backend.tests.test_aetherxos.TestAuth" name="test_logout_clears_cookie" time="0.119" /><testcase classname="backend.tests.test_aetherxos.TestPosts" name="test_list_posts_public" time="0.104" /><testcase classname="backend.tests.test_aetherxos.TestPosts" name="test_pagination_and_filters" time="0.485" /><testcase classname="backend.tests.test_aetherxos.TestPosts" name="test_get_post_by_slug" time="0.234" /><testcase classname="backend.tests.test_aetherxos.TestPosts" name="test_get_post_404" time="0.102" /><testcase classname="backend.tests.test_aetherxos.TestPosts" name="test_create_post_requires_auth" time="0.106" /><testcase classname="backend.tests.test_aetherxos.TestPosts" name="test_post_crud" time="0.504" /><testcase classname="backend.tests.test_aetherxos.TestChangelogs" name="test_list" time="0.095" /><testcase classname="backend.tests.test_aetherxos.TestChangelogs" name="test_crud" time="0.300" /><testcase classname="backend.tests.test_aetherxos.TestReleases" name="test_list_seeded" time="0.094" /><testcase classname="backend.tests.test_aetherxos.TestReleases" name="test_create_external" time="0.216" /><testcase classname="backend.tests.test_aetherxos.TestReleases" name="test_upload_iso_and_download" time="1.002" /><testcase classname="backend.tests.test_aetherxos.TestReleases" name="test_create_release_requires_admin" time="0.102" /><testcase classname="backend.tests.test_aetherxos.TestAnalytics" name="test_public_track" time="0.110" /><testcase classname="backend.tests.test_aetherxos.TestAnalytics" name="test_admin_analytics_requires_auth" time="0.120" /><testcase classname="backend.tests.test_aetherxos.TestAnalytics" name="test_admin_analytics_summary" time="0.107" /><testcase classname="backend.tests.test_aetherxos.TestAnalytics" name="test_admin_health" time="0.098" /><testcase classname="backend.tests.test_aetherxos.TestAnalytics" name="test_admin_logs" time="0.099" /><testcase classname="backend.tests.test_aetherxos.TestBruteForce" name="test_brute_force_lockout" time="0.604"><failure message="assert 422 in (401, 429)&#10; +  where 422 = &lt;Response [422]&gt;.status_code">backend/tests/test_aetherxos.py:313: in test_brute_force_lockout
    assert last.status_code in (401, 429)
E   assert 422 in (401, 429)
E    +  where 422 = &lt;Response [422]&gt;.status_code</failure></testcase></testsuite></testsuites>